18-05-2025 11:38:PM: V8s5
lbapxg
egO+rAUrddHNUbG3gJJ64jBBtQ
8aUXckEDjCOzcBE
18-05-2025 11:38:PM: *DevCon*
18-05-2025 11:38:PM: 127.0.0.1\mdcsa2012wxIbsSecureibsvaug
18-05-2025 11:38:PM: b4 SQL exec
18-05-2025 11:38:PM: b4 SQL exec
18-05-2025 11:38:PM: b4 SQL exec
18-05-2025 11:38:PM: b4 SQL exec
18-05-2025 11:38:PM: b4 SQL exec
18-05-2025 11:38:PM: b4 SQL exec
18-05-2025 11:38:PM: b4 SQL exec
18-05-2025 11:38:PM: b4 SQL exec
18-05-2025 11:38:PM: b4 SQL exec
18-05-2025 11:38:PM: b4 SQL exec
18-05-2025 11:38:PM: b4 SQL exec
18-05-2025 11:38:PM: b4 SQL exec
18-05-2025 11:38:PM: b4 SQL exec
18-05-2025 11:38:PM: b4 SQL exec
18-05-2025 11:38:PM: b4 SQL exec
18-05-2025 11:38:PM: b4 SQL exec
18-05-2025 11:38:PM: b4 SQL exec
18-05-2025 11:38:PM: b4 SQL exec
18-05-2025 11:38:PM: b4 SQL exec
18-05-2025 11:38:PM: b4 SQL exec
18-05-2025 11:38:PM: b4 SQL exec
18-05-2025 11:38:PM: b4 SQL exec
18-05-2025 11:38:PM: b4 SQL exec
18-05-2025 11:38:PM: b4 SQL exec
18-05-2025 11:38:PM: b4 SQL exec
18-05-2025 11:38:PM: b4 SQL exec
18-05-2025 11:38:PM: b4 SQL exec
18-05-2025 11:38:PM: b4 SQL exec
18-05-2025 11:38:PM: b4 SQL exec
18-05-2025 11:38:PM: b4 SQL exec
18-05-2025 11:38:PM: b4 SQL exec
18-05-2025 11:39:PM: V8s5
lbapxg
egO+rAUrddHNUbG3gJJ64jBBtQ
8aUXckEDjCOzcBE
18-05-2025 11:39:PM: *DevCon*
18-05-2025 11:39:PM: 127.0.0.1\mdcsa2012wxIbsSecureibsvaug
18-05-2025 11:39:PM: b4 SQL exec
18-05-2025 11:39:PM: b4 SQL exec
18-05-2025 11:39:PM: b4 SQL exec
18-05-2025 11:39:PM: b4 SQL exec
18-05-2025 11:39:PM: b4 SQL exec
18-05-2025 11:39:PM: b4 SQL exec
18-05-2025 11:39:PM: b4 SQL exec
18-05-2025 11:39:PM: b4 SQL exec
18-05-2025 11:39:PM: b4 SQL exec
18-05-2025 11:39:PM: b4 SQL exec
18-05-2025 11:39:PM: b4 SQL exec
18-05-2025 11:39:PM: b4 SQL exec
18-05-2025 11:39:PM: b4 SQL exec
18-05-2025 11:39:PM: b4 SQL exec
18-05-2025 11:39:PM: b4 SQL exec
18-05-2025 11:39:PM: b4 SQL exec
18-05-2025 11:39:PM: b4 SQL exec
18-05-2025 11:39:PM: b4 SQL exec
18-05-2025 11:39:PM: b4 SQL exec
18-05-2025 11:39:PM: b4 SQL exec
18-05-2025 11:39:PM: b4 SQL exec
18-05-2025 11:39:PM: b4 SQL exec
18-05-2025 11:39:PM: b4 SQL exec
18-05-2025 11:39:PM: b4 SQL exec
18-05-2025 11:39:PM: b4 SQL exec
18-05-2025 11:39:PM: b4 SQL exec
18-05-2025 11:39:PM: b4 SQL exec
18-05-2025 11:39:PM: b4 SQL exec
18-05-2025 11:39:PM: b4 SQL exec
18-05-2025 11:39:PM: b4 SQL exec
18-05-2025 11:39:PM: b4 SQL exec
18-05-2025 11:39:PM: b4 SQL exec
18-05-2025 11:39:PM: b4 SQL exec
18-05-2025 11:39:PM: b4 SQL exec
18-05-2025 11:39:PM: b4 SQL exec
18-05-2025 11:39:PM: b4 SQL exec
18-05-2025 11:39:PM: b4 SQL exec
18-05-2025 11:39:PM: b4 SQL exec
18-05-2025 11:39:PM: b4 SQL exec
18-05-2025 11:39:PM: b4 SQL exec
18-05-2025 11:39:PM: b4 SQL exec
18-05-2025 11:39:PM: b4 SQL exec
18-05-2025 11:39:PM: b4 SQL exec
18-05-2025 11:39:PM: b4 SQL exec
18-05-2025 11:39:PM: b4 SQL exec
18-05-2025 11:39:PM: b4 SQL exec
18-05-2025 11:39:PM: b4 SQL exec
18-05-2025 11:39:PM: b4 SQL exec
18-05-2025 11:39:PM: b4 SQL exec
18-05-2025 11:39:PM: b4 SQL exec
18-05-2025 11:39:PM: b4 SQL exec
18-05-2025 11:39:PM: b4 SQL exec
18-05-2025 11:39:PM: b4 SQL exec
18-05-2025 11:39:PM: b4 SQL exec
18-05-2025 11:39:PM: b4 SQL exec
18-05-2025 11:39:PM: b4 SQL exec
18-05-2025 11:39:PM: b4 SQL exec
18-05-2025 11:39:PM: b4 SQL exec
18-05-2025 11:39:PM: b4 SQL exec
18-05-2025 11:39:PM: b4 SQL exec
18-05-2025 11:39:PM: b4 SQL exec
18-05-2025 11:39:PM: b4 SQL exec
18-05-2025 11:39:PM: b4 SQL exec
18-05-2025 11:39:PM: b4 SQL exec
18-05-2025 11:39:PM: b4 SQL exec
18-05-2025 11:39:PM: b4 SQL exec
18-05-2025 11:39:PM: b4 SQL exec
18-05-2025 11:39:PM: b4 SQL exec
18-05-2025 11:39:PM: b4 SQL exec
18-05-2025 11:39:PM: b4 SQL exec
18-05-2025 11:39:PM: b4 SQL exec
18-05-2025 11:39:PM: b4 SQL exec
18-05-2025 11:39:PM: b4 SQL exec
18-05-2025 11:39:PM: b4 SQL exec
18-05-2025 11:39:PM: b4 SQL exec
18-05-2025 11:39:PM: b4 SQL exec
18-05-2025 11:39:PM: b4 SQL exec
18-05-2025 11:39:PM: b4 SQL exec
18-05-2025 11:39:PM: b4 SQL exec
18-05-2025 11:39:PM: b4 SQL exec
18-05-2025 11:39:PM: b4 SQL exec
18-05-2025 11:39:PM: b4 SQL exec
18-05-2025 11:39:PM: b4 SQL exec
18-05-2025 11:39:PM: b4 SQL exec
18-05-2025 11:39:PM: b4 SQL exec
18-05-2025 11:39:PM: b4 SQL exec
18-05-2025 11:39:PM: b4 SQL exec
18-05-2025 11:39:PM: b4 SQL exec
18-05-2025 11:39:PM: b4 SQL exec
18-05-2025 11:39:PM: b4 SQL exec
18-05-2025 11:39:PM: b4 SQL exec
18-05-2025 11:39:PM: b4 SQL exec
18-05-2025 11:39:PM: b4 SQL exec
18-05-2025 11:39:PM: b4 SQL exec
18-05-2025 11:39:PM: b4 SQL exec
18-05-2025 11:39:PM: b4 SQL exec
18-05-2025 11:39:PM: b4 SQL exec
18-05-2025 11:39:PM: b4 SQL exec
18-05-2025 11:39:PM: b4 SQL exec
18-05-2025 11:39:PM: b4 SQL exec
18-05-2025 11:39:PM: b4 SQL exec
18-05-2025 11:39:PM: b4 SQL exec
18-05-2025 11:39:PM: b4 SQL exec
18-05-2025 11:39:PM: b4 SQL exec
18-05-2025 11:39:PM: b4 SQL exec
18-05-2025 11:39:PM: b4 SQL exec
18-05-2025 11:39:PM: b4 SQL exec
18-05-2025 11:39:PM: b4 SQL exec
18-05-2025 11:39:PM: b4 SQL exec
18-05-2025 11:39:PM: b4 SQL exec
18-05-2025 11:39:PM: b4 SQL exec
18-05-2025 11:39:PM: b4 SQL exec
18-05-2025 11:39:PM: b4 SQL exec
18-05-2025 11:39:PM: b4 SQL exec
18-05-2025 11:39:PM: b4 SQL exec
18-05-2025 11:39:PM: b4 SQL exec
18-05-2025 11:39:PM: b4 SQL exec
18-05-2025 11:39:PM: b4 SQL exec
18-05-2025 11:39:PM: b4 SQL exec
18-05-2025 11:39:PM: b4 SQL exec
18-05-2025 11:39:PM: b4 SQL exec
18-05-2025 11:39:PM: b4 SQL exec
18-05-2025 11:39:PM: b4 SQL exec
18-05-2025 11:39:PM: b4 SQL exec
18-05-2025 11:39:PM: b4 SQL exec
18-05-2025 11:39:PM: b4 SQL exec
18-05-2025 11:39:PM: b4 SQL exec
18-05-2025 11:39:PM: b4 SQL exec
18-05-2025 11:39:PM: b4 SQL exec
18-05-2025 11:39:PM: b4 SQL exec
18-05-2025 11:39:PM: b4 SQL exec
18-05-2025 11:39:PM: b4 SQL exec
18-05-2025 11:39:PM: b4 SQL exec
18-05-2025 11:39:PM: b4 SQL exec
18-05-2025 11:39:PM: b4 SQL exec
18-05-2025 11:39:PM: b4 SQL exec
18-05-2025 11:39:PM: b4 SQL exec
18-05-2025 11:39:PM: b4 SQL exec
18-05-2025 11:39:PM: b4 SQL exec
18-05-2025 11:39:PM: b4 SQL exec
18-05-2025 11:39:PM: b4 SQL exec
18-05-2025 11:39:PM: b4 SQL exec
18-05-2025 11:39:PM: b4 SQL exec
18-05-2025 11:39:PM: b4 SQL exec
18-05-2025 11:39:PM: b4 SQL exec
18-05-2025 11:39:PM: b4 SQL exec
18-05-2025 11:39:PM: b4 SQL exec
18-05-2025 11:39:PM: b4 SQL exec
